WSDL URL: https://introsde2016-jcamposanok-a3.herokuapp.com/ws/people?wsdl
Method #1: readPersonList
Parameters: []
Response: PersonListResponse{person=[PersonResponse{birthdate=1946-06-14T00:00:00Z, currentHealth=CurrentHealth{measure=null}, firstname='Donald35258767354673', healthProfileHistory=HealthProfileHistory{measure=null}, lastname='Trump', personId=1}, PersonResponse{birthdate=1940-03-10T00:00:00Z, currentHealth=CurrentHealth{measure=[HealthProfileItemResponse{dateRegistered=2016-11-22T00:00:00Z, mid=2, measureType='height', measureValue='178.0', measureValueType='null'}, HealthProfileItemResponse{dateRegistered=2011-12-08T00:00:00Z, mid=19, measureType='weight', measureValue='90.0', measureValueType='null'}]}, firstname='Chuck', healthProfileHistory=HealthProfileHistory{measure=[HealthProfileItemResponse{dateRegistered=2016-11-22T00:00:00Z, mid=2, measureType='height', measureValue='178.0', measureValueType='null'}, HealthProfileItemResponse{dateRegistered=2016-11-22T00:00:00Z, mid=1, measureType='weight', measureValue='70.0', measureValueType='null'}, HealthProfileItemResponse{dateRegistered=2011-12-08T00:00:00Z, mid=14, measureType='weight', measureValue='72.0', measureValueType='null'}, HealthProfileItemResponse{dateRegistered=2011-12-08T00:00:00Z, mid=13, measureType='weight', measureValue='90.0', measureValueType='null'}, HealthProfileItemResponse{dateRegistered=2011-12-08T00:00:00Z, mid=18, measureType='weight', measureValue='72.0', measureValueType='null'}, HealthProfileItemResponse{dateRegistered=2011-12-08T00:00:00Z, mid=17, measureType='weight', measureValue='90.0', measureValueType='null'}, HealthProfileItemResponse{dateRegistered=2011-12-08T00:00:00Z, mid=20, measureType='weight', measureValue='72.0', measureValueType='null'}, HealthProfileItemResponse{dateRegistered=2011-12-08T00:00:00Z, mid=19, measureType='weight', measureValue='90.0', measureValueType='null'}]}, lastname='Norris', personId=2}, PersonResponse{birthdate=1989-03-10T00:00:00Z, currentHealth=CurrentHealth{measure=null}, firstname='José Carlos', healthProfileHistory=HealthProfileHistory{measure=null}, lastname='Camposano', personId=5}, PersonResponse{birthdate=null, currentHealth=CurrentHealth{measure=null}, firstname='Tom', healthProfileHistory=HealthProfileHistory{measure=null}, lastname='Ryddle', personId=20}, PersonResponse{birthdate=null, currentHealth=CurrentHealth{measure=null}, firstname='Tom', healthProfileHistory=HealthProfileHistory{measure=null}, lastname='Ryddle', personId=21}]}
Method #2: readPerson
Parameters: 1
Response: PersonResponse{birthdate=1946-06-14T00:00:00Z, currentHealth=CurrentHealth{measure=null}, firstname='Donald35258767354673', healthProfileHistory=HealthProfileHistory{measure=null}, lastname='Trump', personId=1}
Method #3: updatePerson
Parameters: Person{birthdate=1946-06-14T00:00:00Z, firstname='Donald352587673546737', healthProfile=null, lastname='Trump', personId=1}
Response: PersonResponse{birthdate=1946-06-14T00:00:00Z, currentHealth=CurrentHealth{measure=null}, firstname='Donald352587673546737', healthProfileHistory=HealthProfileHistory{measure=null}, lastname='Trump', personId=1}
Method #4: createPerson
Parameters: Person{birthdate=1926-12-31T00:00:00.000+01:00, firstname='Tom', healthProfile=null, lastname='Ryddle', personId=0}
Response: PersonResponse{birthdate=1926-12-30T23:00:00Z, currentHealth=CurrentHealth{measure=null}, firstname='Tom', healthProfileHistory=HealthProfileHistory{measure=null}, lastname='Ryddle', personId=34}
Method #5: deletePerson
Parameters: 34
Response: 34
Method #6: readPersonHistory
Parameters:  1  weight 
Response: MeasureHistoryResponse{measure=[HealthProfileItemResponse{dateRegistered=2016-11-22T00:00:00Z, mid=4, measureType='weight', measureValue='107.0', measureValueType='null'}, HealthProfileItemResponse{dateRegistered=2011-12-08T00:00:00Z, mid=12, measureType='weight', measureValue='72.0', measureValueType='null'}, HealthProfileItemResponse{dateRegistered=2011-12-08T00:00:00Z, mid=11, measureType='weight', measureValue='90.0', measureValueType='null'}, HealthProfileItemResponse{dateRegistered=2011-12-08T00:00:00Z, mid=16, measureType='weight', measureValue='72.0', measureValueType='null'}, HealthProfileItemResponse{dateRegistered=2011-12-08T00:00:00Z, mid=15, measureType='weight', measureValue='90.0', measureValueType='null'}, HealthProfileItemResponse{dateRegistered=2011-12-08T00:00:00Z, mid=22, measureType='weight', measureValue='72.0', measureValueType='null'}, HealthProfileItemResponse{dateRegistered=2011-12-08T00:00:00Z, mid=21, measureType='weight', measureValue='90.0', measureValueType='null'}, HealthProfileItemResponse{dateRegistered=2011-12-08T00:00:00Z, mid=24, measureType='weight', measureValue='72.0', measureValueType='null'}, HealthProfileItemResponse{dateRegistered=2011-12-08T00:00:00Z, mid=23, measureType='weight', measureValue='90.0', measureValueType='null'}, HealthProfileItemResponse{dateRegistered=2011-12-08T00:00:00Z, mid=32, measureType='weight', measureValue='72.0', measureValueType='null'}, HealthProfileItemResponse{dateRegistered=2011-12-08T00:00:00Z, mid=31, measureType='weight', measureValue='90.0', measureValueType='null'}, HealthProfileItemResponse{dateRegistered=2011-12-08T00:00:00Z, mid=34, measureType='weight', measureValue='72.0', measureValueType='null'}, HealthProfileItemResponse{dateRegistered=2011-12-08T00:00:00Z, mid=41, measureType='weight', measureValue='90.0', measureValueType='null'}, HealthProfileItemResponse{dateRegistered=1926-12-30T00:00:00Z, mid=42, measureType='weight', measureValue='80.0', measureValueType='null'}, HealthProfileItemResponse{dateRegistered=1926-12-30T00:00:00Z, mid=43, measureType='weight', measureValue='80.0', measureValueType='null'}, HealthProfileItemResponse{dateRegistered=1926-12-30T00:00:00Z, mid=44, measureType='weight', measureValue='80.0', measureValueType='null'}, HealthProfileItemResponse{dateRegistered=1926-12-30T00:00:00Z, mid=52, measureType='weight', measureValue='85.0', measureValueType='null'}, HealthProfileItemResponse{dateRegistered=1926-12-30T00:00:00Z, mid=53, measureType='weight', measureValue='85', measureValueType='Int'}, HealthProfileItemResponse{dateRegistered=1926-12-30T00:00:00Z, mid=33, measureType='weight', measureValue='85.5', measureValueType='Float'}]}
Method #7: readMeasureTypes
Parameters: []
Response: MeasureTypesResponse{measureType=[MeasureType{name='weight'}, MeasureType{name='height'}, MeasureType{name='bloodpressure'}]}
Method #8: readPersonMeasure
Parameters:  1  weight  4 
Response: HealthProfileItemResponse{dateRegistered=2016-11-22T00:00:00Z, mid=4, measureType='weight', measureValue='107.0', measureValueType='null'}
Method #9: savePersonMeasure
Parameters:  1  Measure{dateRegistered=1926-12-31T00:00:00.000+01:00, measureType='weight', measureValue='80', measureValueType='Int', mid=null} 
Response: HealthProfileItemResponse{dateRegistered=1926-12-30T23:00:00Z, mid=33, measureType='weight', measureValue='80', measureValueType='Int'}
Method #10: updatePersonMeasure
Parameters:  1  Measure{dateRegistered=1926-12-31T00:00:00.000+01:00, measureType='weight', measureValue='85.5', measureValueType='Float', mid=33} 
Response: HealthProfileItemResponse{dateRegistered=1926-12-30T23:00:00Z, mid=33, measureType='weight', measureValue='85.5', measureValueType='Float'}